-- The C compiler identification is GNU 13.3.0
-- The CXX compiler identification is GNU 13.3.0
-- Detecting C compiler ABI info
-- Detecting C compiler ABI info - done
-- Check for working C compiler: /usr/bin/cc - skipped
-- Detecting C compile features
-- Detecting C compile features - done
-- Detecting CXX compiler ABI info
-- Detecting CXX compiler ABI info - done
-- Check for working CXX compiler: /usr/bin/c++ - skipped
-- Detecting CXX compile features
-- Detecting CXX compile features - done
-- Found ament_cmake: 2.5.4 (/opt/ros/jazzy/share/ament_cmake/cmake)
-- Found Python3: /usr/bin/python3 (found version "3.12.3") found components: Interpreter 
-- Found rclcpp: 28.1.13 (/opt/ros/jazzy/share/rclcpp/cmake)
-- Found rosidl_generator_c: 4.6.6 (/opt/ros/jazzy/share/rosidl_generator_c/cmake)
-- Found rosidl_generator_cpp: 4.6.6 (/opt/ros/jazzy/share/rosidl_generator_cpp/cmake)
-- Using all available rosidl_typesupport_c: rosidl_typesupport_fastrtps_c;rosidl_typesupport_introspection_c
-- Using all available rosidl_typesupport_cpp: rosidl_typesupport_fastrtps_cpp;rosidl_typesupport_introspection_cpp
-- Found rmw_implementation_cmake: 7.3.2 (/opt/ros/jazzy/share/rmw_implementation_cmake/cmake)
-- Found rmw_fastrtps_cpp: 8.4.3 (/opt/ros/jazzy/share/rmw_fastrtps_cpp/cmake)
-- Found OpenSSL: /usr/lib/x86_64-linux-gnu/libcrypto.so (found version "3.0.13")  
-- Found FastRTPS: /opt/ros/jazzy/include (Required is at least version "2.13") 
-- Using RMW implementation 'rmw_fastrtps_cpp' as default
-- Found example_interfaces: 0.12.0 (/opt/ros/jazzy/share/example_interfaces/cmake)
-- Configuring done (0.8s)
-- Generating done (0.0s)
-- Build files have been written to: /home/pranavyogesh/ros2_ws/assignment-ros2-c-service-server-PranavYogesh4/build/ros2_service_server
[ 50%] [32mBuilding CXX object CMakeFiles/add_two_ints_server.dir/src/add_two_ints_server.cpp.o[0m
[100%] [32m[1mLinking CXX executable add_two_ints_server[0m
[100%] Built target add_two_ints_server
-- Install configuration: ""
-- Installing: /home/pranavyogesh/ros2_ws/assignment-ros2-c-service-server-PranavYogesh4/install/ros2_service_server/lib/ros2_service_server/add_two_ints_server
-- Set non-toolchain portion of runtime path of "/home/pranavyogesh/ros2_ws/assignment-ros2-c-service-server-PranavYogesh4/install/ros2_service_server/lib/ros2_service_server/add_two_ints_server" to ""
-- Installing: /home/pranavyogesh/ros2_ws/assignment-ros2-c-service-server-PranavYogesh4/install/ros2_service_server/share/ament_index/resource_index/package_run_dependencies/ros2_service_server
-- Installing: /home/pranavyogesh/ros2_ws/assignment-ros2-c-service-server-PranavYogesh4/install/ros2_service_server/share/ament_index/resource_index/parent_prefix_path/ros2_service_server
-- Installing: /home/pranavyogesh/ros2_ws/assignment-ros2-c-service-server-PranavYogesh4/install/ros2_service_server/share/ros2_service_server/environment/ament_prefix_path.sh
-- Installing: /home/pranavyogesh/ros2_ws/assignment-ros2-c-service-server-PranavYogesh4/install/ros2_service_server/share/ros2_service_server/environment/ament_prefix_path.dsv
-- Installing: /home/pranavyogesh/ros2_ws/assignment-ros2-c-service-server-PranavYogesh4/install/ros2_service_server/share/ros2_service_server/environment/path.sh
-- Installing: /home/pranavyogesh/ros2_ws/assignment-ros2-c-service-server-PranavYogesh4/install/ros2_service_server/share/ros2_service_server/environment/path.dsv
-- Installing: /home/pranavyogesh/ros2_ws/assignment-ros2-c-service-server-PranavYogesh4/install/ros2_service_server/share/ros2_service_server/local_setup.bash
-- Installing: /home/pranavyogesh/ros2_ws/assignment-ros2-c-service-server-PranavYogesh4/install/ros2_service_server/share/ros2_service_server/local_setup.sh
-- Installing: /home/pranavyogesh/ros2_ws/assignment-ros2-c-service-server-PranavYogesh4/install/ros2_service_server/share/ros2_service_server/local_setup.zsh
-- Installing: /home/pranavyogesh/ros2_ws/assignment-ros2-c-service-server-PranavYogesh4/install/ros2_service_server/share/ros2_service_server/local_setup.dsv
-- Installing: /home/pranavyogesh/ros2_ws/assignment-ros2-c-service-server-PranavYogesh4/install/ros2_service_server/share/ros2_service_server/package.dsv
-- Installing: /home/pranavyogesh/ros2_ws/assignment-ros2-c-service-server-PranavYogesh4/install/ros2_service_server/share/ament_index/resource_index/packages/ros2_service_server
-- Installing: /home/pranavyogesh/ros2_ws/assignment-ros2-c-service-server-PranavYogesh4/install/ros2_service_server/share/ros2_service_server/cmake/ros2_service_serverConfig.cmake
-- Installing: /home/pranavyogesh/ros2_ws/assignment-ros2-c-service-server-PranavYogesh4/install/ros2_service_server/share/ros2_service_server/cmake/ros2_service_serverConfig-version.cmake
-- Installing: /home/pranavyogesh/ros2_ws/assignment-ros2-c-service-server-PranavYogesh4/install/ros2_service_server/share/ros2_service_server/package.xml
